{
  "stats": {
    "suites": 1,
    "tests": 1,
    "passes": 1,
    "pending": 0,
    "failures": 0,
    "start": "2019-12-01T06:09:05.325Z",
    "end": "2019-12-01T06:09:05.418Z",
    "duration": 93,
    "testsRegistered": 1,
    "passPercent": 100,
    "pendingPercent": 0,
    "other": 0,
    "hasOther": false,
    "skipped": 0,
    "hasSkipped": false
  },
  "results": [
    {
      "uuid": "7ff0e09c-39b2-4846-8548-23d3a10af4f9",
      "title": "",
      "fullFile": "",
      "file": "",
      "beforeHooks": [],
      "afterHooks": [],
      "tests": [],
      "suites": [
        {
          "uuid": "d22956e2-1a91-4731-bd13-c094003f15ba",
          "title": "node 接口测试",
          "fullFile": "C:\\Users\\mister__gao\\Desktop\\QA\\test\\service\\route.spec.js",
          "file": "\\test\\service\\route.spec.js",
          "beforeHooks": [],
          "afterHooks": [],
          "tests": [
            {
              "title": "test接口测试",
              "fullTitle": "node 接口测试 test接口测试",
              "timedOut": false,
              "duration": 66,
              "state": "passed",
              "speed": "medium",
              "pass": true,
              "fail": false,
              "pending": false,
              "context": null,
              "code": "request()\n.get('/getInfo')\n.expect(200)\n.expect(\"Content-Type\", /json/)\n.end((err, res) => {\n    if (err) {\n        done(err)\n    }\n    if (res.body.msg == \"后端接口测试\") {\n        done()\n    }else{\n        done(new Error(\"接口数据异常\"))\n    }\n})",
              "err": {},
              "uuid": "21ead10f-1316-4904-a743-ffc1e3f68d54",
              "parentUUID": "d22956e2-1a91-4731-bd13-c094003f15ba",
              "isHook": false,
              "skipped": false
            }
          ],
          "suites": [],
          "passes": [
            "21ead10f-1316-4904-a743-ffc1e3f68d54"
          ],
          "failures": [],
          "pending": [],
          "skipped": [],
          "duration": 66,
          "root": false,
          "rootEmpty": false,
          "_timeout": 2000
        }
      ],
      "passes": [],
      "failures": [],
      "pending": [],
      "skipped": [],
      "duration": 0,
      "root": true,
      "rootEmpty": true,
      "_timeout": 2000
    }
  ],
  "meta": {
    "mocha": {
      "version": "6.2.2"
    },
    "mochawesome": {
      "options": {
        "quiet": false,
        "reportFilename": "mochawesome",
        "saveHtml": true,
        "saveJson": true,
        "consoleReporter": "spec",
        "useInlineDiffs": false
      },
      "version": "4.1.0"
    },
    "marge": {
      "options": {
        "reportDir": "./doc/customReportFilename"
      },
      "version": "4.0.1"
    }
  }
}